<?xml version="1.0" encoding="UTF-8"?>
<testng-results total="1" passed="1" failed="0" skipped="0">
  <reporter-output>
    <line>
      <![CDATA[Login Completed]]>
    </line>
  </reporter-output>
  <suite started-at="2022-07-16T06:44:35Z" name="Default suite" finished-at="2022-07-16T06:44:53Z" duration-ms="18180">
    <groups>
    </groups>
    <test started-at="2022-07-16T06:44:35Z" name="Default test" finished-at="2022-07-16T06:44:53Z" duration-ms="18180">
      <class name="test_Ng.Exp_WD_Testng">
        <test-method is-config="true" signature="startUp()[pri:0, instance:test_Ng.Exp_WD_Testng@21129f1f]" started-at="2022-07-16T12:14:35Z" name="startUp" finished-at="2022-07-16T12:14:37Z" duration-ms="2300" status="PASS">
          <reporter-output>
          </reporter-output>
        </test-method> <!-- startUp -->
        <test-method signature="tc001()[pri:0, instance:test_Ng.Exp_WD_Testng@21129f1f]" started-at="2022-07-16T12:14:37Z" name="tc001" finished-at="2022-07-16T12:14:53Z" duration-ms="15483" status="PASS">
          <reporter-output>
            <line>
              <![CDATA[Login Completed]]>
            </line>
          </reporter-output>
        </test-method> <!-- tc001 -->
        <test-method is-config="true" signature="tearDown()[pri:0, instance:test_Ng.Exp_WD_Testng@21129f1f]" started-at="2022-07-16T12:14:53Z" name="tearDown" finished-at="2022-07-16T12:14:53Z" duration-ms="388" status="PASS">
          <reporter-output>
          </reporter-output>
        </test-method> <!-- tearDown -->
      </class> <!-- test_Ng.Exp_WD_Testng -->
    </test> <!-- Default test -->
  </suite> <!-- Default suite -->
</testng-results>
